

*******************************************************************************
Wed Mar 25 17:14:20 2020


FIT:    data read from 'plot_F.dat'
        format = z
        #datapoints = 20
        residuals are weighted equally (unit weight)

function used for fitting: f(x)
	f(x) = a*x**b
fitted parameters initialized with current variable values

iter      chisq       delta/lim  lambda   a             b            
   0 1.3183603989e+04   0.00e+00  2.45e+01    1.000000e+00   1.000000e+00
  28 1.0184974263e+03  -1.19e-01  2.45e-04    8.182531e+01  -9.564932e-01

After 28 iterations the fit converged.
final sum of squares of residuals : 1018.5
rel. change during last iteration : -1.19286e-06

degrees of freedom    (FIT_NDF)                        : 18
rms of residuals      (FIT_STDFIT) = sqrt(WSSR/ndf)    : 7.52218
variance of residuals (reduced chisquare) = WSSR/ndf   : 56.5832

Final set of parameters            Asymptotic Standard Error
=======================            ==========================
a               = 81.8253          +/- 7.069        (8.639%)
b               = -0.956493        +/- 0.09579      (10.02%)

correlation matrix of the fit parameters:
                a      b      
a               1.000 
b              -0.566  1.000 


*******************************************************************************
Wed Mar 25 17:25:35 2020


FIT:    data read from 'plot_F.dat'
        format = z
        #datapoints = 20
        residuals are weighted equally (unit weight)

function used for fitting: f(x)
	f(x) = a*x**b
fitted parameters initialized with current variable values

iter      chisq       delta/lim  lambda   a             b            
   0 1.3167895141e+04   0.00e+00  2.45e+01    1.000000e+00   1.000000e+00
  26 1.0949955512e+03  -1.85e-01  2.45e-04    8.115429e+01  -9.492771e-01

After 26 iterations the fit converged.
final sum of squares of residuals : 1095
rel. change during last iteration : -1.85003e-06

degrees of freedom    (FIT_NDF)                        : 18
rms of residuals      (FIT_STDFIT) = sqrt(WSSR/ndf)    : 7.79956
variance of residuals (reduced chisquare) = WSSR/ndf   : 60.8331

Final set of parameters            Asymptotic Standard Error
=======================            ==========================
a               = 81.1543          +/- 7.322        (9.023%)
b               = -0.949277        +/- 0.09904      (10.43%)

correlation matrix of the fit parameters:
                a      b      
a               1.000 
b              -0.569  1.000 
